This file contains any messages produced by compilers while
running configure, to aid debugging if configure makes a mistake.

It was created by rnnoise configure unknown, which was
generated by GNU Autoconf 2.69.  Invocation command line was

  $ ./configure 

## --------- ##
## Platform. ##
## --------- ##

hostname = MacBook-Air-8.local
uname -m = x86_64
uname -r = 17.2.0
uname -s = Darwin
uname -v = Darwin Kernel Version 17.2.0: Fri Sep 29 18:27:05 PDT 2017; root:xnu-4570.20.62~3/RELEASE_X86_64

/usr/bin/uname -p = i386
/bin/uname -X     = unknown

/bin/arch              = unknown
/usr/bin/arch -k       = unknown
/usr/convex/getsysinfo = unknown
/usr/bin/hostinfo      = Mach kernel version:
	 Darwin Kernel Version 17.2.0: Fri Sep 29 18:27:05 PDT 2017; root:xnu-4570.20.62~3/RELEASE_X86_64
Kernel configured for up to 4 processors.
2 processors are physically available.
4 processors are logically available.
Processor type: x86_64h (Intel x86-64h Haswell)
Processors active: 0 1 2 3
Primary memory available: 8.00 gigabytes
Default processor set: 337 tasks, 1953 threads, 4 processors
Load average: 2.88, Mach factor: 1.48
/bin/machine           = unknown
/usr/bin/oslevel       = unknown
/bin/universe          = unknown

PATH: /Library/Frameworks/Python.framework/Versions/3.6/bin
PATH: /Applications/MAMP/bin/php/php5.5.26/bin
PATH: /Users/Clayton/bin
PATH: /usr/local/bin
PATH: /usr/bin
PATH: /bin
PATH: /usr/sbin
PATH: /sbin
PATH: /Library/TeX/texbin
PATH: /opt/X11/bin


## ----------- ##
## Core tests. ##
## ----------- ##

configure:2324: checking for gcc
configure:2340: found /usr/bin/gcc
configure:2351: result: gcc
configure:2580: checking for C compiler version
configure:2589: gcc --version >&5
Apple LLVM version 9.0.0 (clang-900.0.39.2)
Target: x86_64-apple-darwin17.2.0
Thread model: posix
InstalledDir: /Library/Developer/CommandLineTools/usr/bin
Configured with: --prefix=/Library/Developer/CommandLineTools/usr --with-gxx-include-dir=/usr/include/c++/4.2.1
configure:2600: $? = 0
configure:2589: gcc -v >&5
Configured with: --prefix=/Library/Developer/CommandLineTools/usr --with-gxx-include-dir=/usr/include/c++/4.2.1
Apple LLVM version 9.0.0 (clang-900.0.39.2)
Target: x86_64-apple-darwin17.2.0
Thread model: posix
InstalledDir: /Library/Developer/CommandLineTools/usr/bin
configure:2600: $? = 0
configure:2589: gcc -V >&5
clang: error: argument to '-V' is missing (expected 1 value)
clang: error: no input files
configure:2600: $? = 1
configure:2589: gcc -qversion >&5
clang: error: unknown argument: '-qversion'
clang: error: no input files
configure:2600: $? = 1
configure:2620: checking whether the C compiler works
configure:2642: gcc    conftest.c  >&5
configure:2646: $? = 0
configure:2694: result: yes
configure:2697: checking for C compiler default output file name
configure:2699: result: a.out
configure:2705: checking for suffix of executables
configure:2712: gcc -o conftest    conftest.c  >&5
configure:2716: $? = 0
configure:2738: result: 
configure:2760: checking whether we are cross compiling
configure:2768: gcc -o conftest    conftest.c  >&5
configure:2772: $? = 0
configure:2779: ./conftest
configure:2783: $? = 0
configure:2798: result: no
configure:2803: checking for suffix of object files
configure:2825: gcc -c   conftest.c >&5
configure:2829: $? = 0
configure:2850: result: o
configure:2854: checking whether we are using the GNU C compiler
configure:2873: gcc -c   conftest.c >&5
configure:2873: $? = 0
configure:2882: result: yes
configure:2891: checking whether gcc accepts -g
configure:2911: gcc -c -g  conftest.c >&5
configure:2911: $? = 0
configure:2952: result: yes
configure:2969: checking for gcc option to accept ISO C89
configure:3032: gcc  -c -g -O2  conftest.c >&5
configure:3032: $? = 0
configure:3045: result: none needed
configure:3070: checking whether gcc understands -c and -o together
configure:3092: gcc -c conftest.c -o conftest2.o
configure:3095: $? = 0
configure:3092: gcc -c conftest.c -o conftest2.o
configure:3095: $? = 0
configure:3107: result: yes
configure:3130: checking how to run the C preprocessor
configure:3161: gcc -E  conftest.c
configure:3161: $? = 0
configure:3175: gcc -E  conftest.c
conftest.c:9:10: fatal error: 'ac_nonexistent.h' file not found
#include <ac_nonexistent.h>
         ^~~~~~~~~~~~~~~~~~
1 error generated.
configure:3175: $? = 1
configure: failed program was:
| /* confdefs.h */
| #define PACKAGE_NAME "rnnoise"
| #define PACKAGE_TARNAME "rnnoise"
| #define PACKAGE_VERSION "unknown"
| #define PACKAGE_STRING "rnnoise unknown"
| #define PACKAGE_BUGREPORT "jmvalin@jmvalin.ca"
| #define PACKAGE_URL ""
| /* end confdefs.h.  */
| #include <ac_nonexistent.h>
configure:3200: result: gcc -E
configure:3220: gcc -E  conftest.c
configure:3220: $? = 0
configure:3234: gcc -E  conftest.c
conftest.c:9:10: fatal error: 'ac_nonexistent.h' file not found
#include <ac_nonexistent.h>
         ^~~~~~~~~~~~~~~~~~
1 error generated.
configure:3234: $? = 1
configure: failed program was:
| /* confdefs.h */
| #define PACKAGE_NAME "rnnoise"
| #define PACKAGE_TARNAME "rnnoise"
| #define PACKAGE_VERSION "unknown"
| #define PACKAGE_STRING "rnnoise unknown"
| #define PACKAGE_BUGREPORT "jmvalin@jmvalin.ca"
| #define PACKAGE_URL ""
| /* end confdefs.h.  */
| #include <ac_nonexistent.h>
configure:3263: checking for grep that handles long lines and -e
configure:3321: result: /usr/bin/grep
configure:3326: checking for egrep
configure:3388: result: /usr/bin/grep -E
configure:3393: checking for ANSI C header files
configure:3413: gcc -c -g -O2  conftest.c >&5
configure:3413: $? = 0
configure:3486: gcc -o conftest -g -O2   conftest.c  >&5
configure:3486: $? = 0
configure:3486: ./conftest
configure:3486: $? = 0
configure:3497: result: yes
configure:3510: checking for sys/types.h
configure:3510: gcc -c -g -O2  conftest.c >&5
configure:3510: $? = 0
configure:3510: result: yes
configure:3510: checking for sys/stat.h
configure:3510: gcc -c -g -O2  conftest.c >&5
configure:3510: $? = 0
configure:3510: result: yes
configure:3510: checking for stdlib.h
configure:3510: gcc -c -g -O2  conftest.c >&5
configure:3510: $? = 0
configure:3510: result: yes
configure:3510: checking for string.h
configure:3510: gcc -c -g -O2  conftest.c >&5
configure:3510: $? = 0
configure:3510: result: yes
configure:3510: checking for memory.h
configure:3510: gcc -c -g -O2  conftest.c >&5
configure:3510: $? = 0
configure:3510: result: yes
configure:3510: checking for strings.h
configure:3510: gcc -c -g -O2  conftest.c >&5
configure:3510: $? = 0
configure:3510: result: yes
configure:3510: checking for inttypes.h
configure:3510: gcc -c -g -O2  conftest.c >&5
configure:3510: $? = 0
configure:3510: result: yes
configure:3510: checking for stdint.h
configure:3510: gcc -c -g -O2  conftest.c >&5
configure:3510: $? = 0
configure:3510: result: yes
configure:3510: checking for unistd.h
configure:3510: gcc -c -g -O2  conftest.c >&5
configure:3510: $? = 0
configure:3510: result: yes
configure:3523: checking minix/config.h usability
configure:3523: gcc -c -g -O2  conftest.c >&5
conftest.c:52:10: fatal error: 'minix/config.h' file not found
#include <minix/config.h>
         ^~~~~~~~~~~~~~~~
1 error generated.
configure:3523: $? = 1
configure: failed program was:
| /* confdefs.h */
| #define PACKAGE_NAME "rnnoise"
| #define PACKAGE_TARNAME "rnnoise"
| #define PACKAGE_VERSION "unknown"
| #define PACKAGE_STRING "rnnoise unknown"
| #define PACKAGE_BUGREPORT "jmvalin@jmvalin.ca"
| #define PACKAGE_URL ""
| #define STDC_HEADERS 1
| #define HAVE_SYS_TYPES_H 1
| #define HAVE_SYS_STAT_H 1
| #define HAVE_STDLIB_H 1
| #define HAVE_STRING_H 1
| #define HAVE_MEMORY_H 1
| #define HAVE_STRINGS_H 1
| #define HAVE_INTTYPES_H 1
| #define HAVE_STDINT_H 1
| #define HAVE_UNISTD_H 1
| /* end confdefs.h.  */
| #include <stdio.h>
| #ifdef HAVE_SYS_TYPES_H
| # include <sys/types.h>
| #endif
| #ifdef HAVE_SYS_STAT_H
| # include <sys/stat.h>
| #endif
| #ifdef STDC_HEADERS
| # include <stdlib.h>
| # include <stddef.h>
| #else
| # ifdef HAVE_STDLIB_H
| #  include <stdlib.h>
| # endif
| #endif
| #ifdef HAVE_STRING_H
| # if !defined STDC_HEADERS && defined HAVE_MEMORY_H
| #  include <memory.h>
| # endif
| # include <string.h>
| #endif
| #ifdef HAVE_STRINGS_H
| # include <strings.h>
| #endif
| #ifdef HAVE_INTTYPES_H
| # include <inttypes.h>
| #endif
| #ifdef HAVE_STDINT_H
| # include <stdint.h>
| #endif
| #ifdef HAVE_UNISTD_H
| # include <unistd.h>
| #endif
| #include <minix/config.h>
configure:3523: result: no
configure:3523: checking minix/config.h presence
configure:3523: gcc -E  conftest.c
conftest.c:19:10: fatal error: 'minix/config.h' file not found
#include <minix/config.h>
         ^~~~~~~~~~~~~~~~
1 error generated.
configure:3523: $? = 1
configure: failed program was:
| /* confdefs.h */
| #define PACKAGE_NAME "rnnoise"
| #define PACKAGE_TARNAME "rnnoise"
| #define PACKAGE_VERSION "unknown"
| #define PACKAGE_STRING "rnnoise unknown"
| #define PACKAGE_BUGREPORT "jmvalin@jmvalin.ca"
| #define PACKAGE_URL ""
| #define STDC_HEADERS 1
| #define HAVE_SYS_TYPES_H 1
| #define HAVE_SYS_STAT_H 1
| #define HAVE_STDLIB_H 1
| #define HAVE_STRING_H 1
| #define HAVE_MEMORY_H 1
| #define HAVE_STRINGS_H 1
| #define HAVE_INTTYPES_H 1
| #define HAVE_STDINT_H 1
| #define HAVE_UNISTD_H 1
| /* end confdefs.h.  */
| #include <minix/config.h>
configure:3523: result: no
configure:3523: checking for minix/config.h
configure:3523: result: no
configure:3544: checking whether it is safe to define __EXTENSIONS__
configure:3562: gcc -c -g -O2  conftest.c >&5
configure:3562: $? = 0
configure:3569: result: yes
configure:3590: checking for special C compiler options needed for large files
configure:3635: result: no
configure:3641: checking for _FILE_OFFSET_BITS value needed for large files
configure:3666: gcc -c -g -O2  conftest.c >&5
configure:3666: $? = 0
configure:3698: result: no
configure:3800: checking for a BSD-compatible install
configure:3868: result: /usr/bin/install -c
configure:3879: checking whether build environment is sane
configure:3934: result: yes
configure:4082: checking for a thread-safe mkdir -p
configure:4121: result: ./install-sh -c -d
configure:4128: checking for gawk
configure:4158: result: no
configure:4128: checking for mawk
configure:4158: result: no
configure:4128: checking for nawk
configure:4158: result: no
configure:4128: checking for awk
configure:4144: found /usr/bin/awk
configure:4155: result: awk
configure:4166: checking whether make sets $(MAKE)
configure:4188: result: yes
configure:4218: checking for style of include used by make
configure:4246: result: GNU
configure:4280: checking whether make supports nested variables
configure:4297: result: yes
configure:4373: checking dependency style of gcc
configure:4484: result: gcc3
configure:4543: checking whether to enable maintainer-specific portions of Makefiles
configure:4552: result: yes
configure:4566: checking for inline
configure:4582: gcc -c -g -O2  conftest.c >&5
configure:4582: $? = 0
configure:4590: result: inline
configure:4638: checking build system type
configure:4652: result: x86_64-apple-darwin17.2.0
configure:4672: checking host system type
configure:4685: result: x86_64-apple-darwin17.2.0
configure:4726: checking how to print strings
configure:4753: result: printf
configure:4774: checking for a sed that does not truncate output
configure:4838: result: /usr/bin/sed
configure:4856: checking for fgrep
configure:4918: result: /usr/bin/grep -F
configure:4953: checking for ld used by gcc
configure:5020: result: /Library/Developer/CommandLineTools/usr/bin/ld
configure:5027: checking if the linker (/Library/Developer/CommandLineTools/usr/bin/ld) is GNU ld
configure:5042: result: no
configure:5054: checking for BSD- or MS-compatible name lister (nm)
configure:5108: result: /usr/bin/nm -B
configure:5238: checking the name lister (/usr/bin/nm -B) interface
configure:5245: gcc -c -g -O2  conftest.c >&5
configure:5248: /usr/bin/nm -B "conftest.o"
configure:5251: output
00000000000001fc S _some_variable
configure:5258: result: BSD nm
configure:5261: checking whether ln -s works
configure:5265: result: yes
configure:5273: checking the maximum length of command line arguments
configure:5404: result: 196608
configure:5452: checking how to convert x86_64-apple-darwin17.2.0 file names to x86_64-apple-darwin17.2.0 format
configure:5492: result: func_convert_file_noop
configure:5499: checking how to convert x86_64-apple-darwin17.2.0 file names to toolchain format
configure:5519: result: func_convert_file_noop
configure:5526: checking for /Library/Developer/CommandLineTools/usr/bin/ld option to reload object files
configure:5533: result: -r
configure:5607: checking for objdump
configure:5623: found /usr/bin/objdump
configure:5634: result: objdump
configure:5666: checking how to recognize dependent libraries
configure:5866: result: pass_all
configure:5951: checking for dlltool
configure:5981: result: no
configure:6011: checking how to associate runtime and link libraries
configure:6038: result: printf %s\n
configure:6098: checking for ar
configure:6114: found /usr/bin/ar
configure:6125: result: ar
configure:6162: checking for archiver @FILE support
configure:6179: gcc -c -g -O2  conftest.c >&5
configure:6179: $? = 0
configure:6182: ar cru libconftest.a @conftest.lst >&5
ar: @conftest.lst: No such file or directory
configure:6185: $? = 1
configure:6205: result: no
configure:6263: checking for strip
configure:6279: found /usr/bin/strip
configure:6290: result: strip
configure:6362: checking for ranlib
configure:6378: found /usr/bin/ranlib
configure:6389: result: ranlib
configure:6491: checking command to parse /usr/bin/nm -B output from gcc object
configure:6644: gcc -c -g -O2  conftest.c >&5
configure:6647: $? = 0
configure:6651: /usr/bin/nm -B conftest.o \| sed -n -e 's/^.*[ ]\([BCDEGRST][BCDEGRST]*\)[ ][ ]*\([_A-Za-z][_A-Za-z0-9]*\)$/\1 \2 \2/p' | sed '/ __gnu_lto/d' \> conftest.nm
configure:6654: $? = 0
cannot find nm_test_var in conftest.nm
configure:6644: gcc -c -g -O2  conftest.c >&5
configure:6647: $? = 0
configure:6651: /usr/bin/nm -B conftest.o \| sed -n -e 's/^.*[ ]\([BCDEGRST][BCDEGRST]*\)[ ][ ]*_\([_A-Za-z][_A-Za-z0-9]*\)$/\1 _\2 \2/p' | sed '/ __gnu_lto/d' \> conftest.nm
configure:6654: $? = 0
configure:6720: gcc -o conftest -g -O2   conftest.c conftstm.o >&5
warning: (x86_64)  could not find object file symbol for symbol _main
configure:6723: $? = 0
configure:6761: result: ok
configure:6808: checking for sysroot
configure:6838: result: no
configure:6845: checking for a working dd
configure:6883: result: /bin/dd
configure:6887: checking how to truncate binary pipes
configure:6902: result: /bin/dd bs=4096 count=1
configure:7231: checking for mt
configure:7261: result: no
configure:7281: checking if : is a manifest tool
configure:7287: : '-?'
configure:7295: result: no
configure:7351: checking for dsymutil
configure:7367: found /usr/bin/dsymutil
configure:7378: result: dsymutil
configure:7443: checking for nmedit
configure:7459: found /usr/bin/nmedit
configure:7470: result: nmedit
configure:7535: checking for lipo
configure:7551: found /usr/bin/lipo
configure:7562: result: lipo
configure:7627: checking for otool
configure:7643: found /usr/bin/otool
configure:7654: result: otool
configure:7719: checking for otool64
configure:7749: result: no
configure:7794: checking for -single_module linker flag
gcc -g -O2  -o libconftest.dylib -dynamiclib -Wl,-single_module conftest.c
configure:7827: result: yes
configure:7830: checking for -exported_symbols_list linker flag
configure:7850: gcc -o conftest -g -O2   -Wl,-exported_symbols_list,conftest.sym conftest.c  >&5
configure:7850: $? = 0
configure:7860: result: yes
configure:7863: checking for -force_load linker flag
gcc -g -O2 -c -o conftest.o conftest.c
ar cru libconftest.a conftest.o
ranlib libconftest.a
gcc -g -O2  -o conftest conftest.c -Wl,-force_load,./libconftest.a
configure:7895: result: yes
configure:7969: checking for dlfcn.h
configure:7969: gcc -c -g -O2  conftest.c >&5
configure:7969: $? = 0
configure:7969: result: yes
configure:8225: checking for objdir
configure:8240: result: .libs
configure:8504: checking if gcc supports -fno-rtti -fno-exceptions
configure:8522: gcc -c -g -O2  -fno-rtti -fno-exceptions conftest.c >&5
configure:8526: $? = 0
configure:8539: result: yes
configure:8897: checking for gcc option to produce PIC
configure:8904: result: -fno-common -DPIC
configure:8912: checking if gcc PIC flag -fno-common -DPIC works
configure:8930: gcc -c -g -O2  -fno-common -DPIC -DPIC conftest.c >&5
configure:8934: $? = 0
configure:8947: result: yes
configure:8976: checking if gcc static flag -static works
configure:9004: result: no
configure:9019: checking if gcc supports -c -o file.o
configure:9040: gcc -c -g -O2  -o out/conftest2.o conftest.c >&5
configure:9044: $? = 0
configure:9066: result: yes
configure:9074: checking if gcc supports -c -o file.o
configure:9121: result: yes
configure:9154: checking whether the gcc linker (/Library/Developer/CommandLineTools/usr/bin/ld) supports shared libraries
configure:10413: result: yes
configure:10653: checking dynamic linker characteristics
configure:11471: result: darwin17.2.0 dyld
configure:11593: checking how to hardcode library paths into programs
configure:11618: result: immediate
configure:12166: checking whether stripping libraries is possible
configure:12180: result: yes
configure:12206: checking if libtool supports shared libraries
configure:12208: result: yes
configure:12211: checking whether to build shared libraries
configure:12236: result: yes
configure:12239: checking whether to build static libraries
configure:12243: result: yes
configure:12292: checking whether make supports nested variables
configure:12309: result: yes
configure:12337: checking if gcc supports -pedantic flag
configure:12352: gcc -o conftest -g -O2 -pedantic   conftest.c  >&5
configure:12352: $? = 0
configure:12370: result: yes
configure:12337: checking if gcc supports -Wall flag
configure:12352: gcc -o conftest -g -O2 -pedantic -Wall   conftest.c  >&5
configure:12352: $? = 0
configure:12370: result: yes
configure:12337: checking if gcc supports -Wextra flag
configure:12352: gcc -o conftest -g -O2 -pedantic -Wall -Wextra   conftest.c  >&5
configure:12352: $? = 0
configure:12370: result: yes
configure:12337: checking if gcc supports -Wno-sign-compare flag
configure:12352: gcc -o conftest -g -O2 -pedantic -Wall -Wextra -Wno-sign-compare   conftest.c  >&5
configure:12352: $? = 0
configure:12370: result: yes
configure:12337: checking if gcc supports -Wno-parentheses flag
configure:12352: gcc -o conftest -g -O2 -pedantic -Wall -Wextra -Wno-sign-compare -Wno-parentheses   conftest.c  >&5
configure:12352: $? = 0
configure:12370: result: yes
configure:12337: checking if gcc supports -Wno-long-long flag
configure:12352: gcc -o conftest -g -O2 -pedantic -Wall -Wextra -Wno-sign-compare -Wno-parentheses -Wno-long-long   conftest.c  >&5
configure:12352: $? = 0
configure:12370: result: yes
configure:12627: checking for gcc way to treat warnings as errors
configure:12642: gcc -o conftest -g -O2 -pedantic -Wall -Wextra -Wno-sign-compare -Wno-parentheses -Wno-long-long -Werror   conftest.c  >&5
configure:12642: $? = 0
configure:12687: result: -Werror
configure:12693: checking if gcc supports __attribute__(( visibility("default") ))
configure:12704: gcc -c -g -O2 -pedantic -Wall -Wextra -Wno-sign-compare -Wno-parentheses -Wno-long-long -Werror  conftest.c >&5
configure:12704: $? = 0
configure:12713: result: yes
configure:12723: checking if gcc supports -fvisibility=hidden
configure:12740: gcc -o conftest -g -O2 -pedantic -Wall -Wextra -Wno-sign-compare -Wno-parentheses -Wno-long-long -Werror -fvisibility=hidden   conftest.c  >&5
configure:12740: $? = 0
configure:12760: result: yes
configure:12788: checking for doxygen
configure:12816: result: no
configure:12826: checking for dot
configure:12854: result: no
configure:12991: checking that generated files are newer than configure
configure:12997: result: done
configure:13036: creating ./config.status

## ---------------------- ##
## Running config.status. ##
## ---------------------- ##

This file was extended by rnnoise config.status unknown, which was
generated by GNU Autoconf 2.69.  Invocation command line was

  CONFIG_FILES    = 
  CONFIG_HEADERS  = 
  CONFIG_LINKS    = 
  CONFIG_COMMANDS = 
  $ ./config.status 

on MacBook-Air-8.local

config.status:1105: creating Makefile
config.status:1105: creating rnnoise.pc
config.status:1105: creating rnnoise-uninstalled.pc
config.status:1105: creating doc/Doxyfile
config.status:1105: creating config.h
config.status:1334: executing depfiles commands
config.status:1334: executing libtool commands
configure:15194:
------------------------------------------------------------------------
  rnnoise unknown: Automatic configuration OK.

    Assertions ................... no

    Hidden visibility ............ yes

    API code examples ............ yes
    API documentation ............ yes
------------------------------------------------------------------------


## ---------------- ##
## Cache variables. ##
## ---------------- ##

ac_cv_build=x86_64-apple-darwin17.2.0
ac_cv_c_compiler_gnu=yes
ac_cv_c_inline=inline
ac_cv_env_CC_set=
ac_cv_env_CC_value=
ac_cv_env_CFLAGS_set=
ac_cv_env_CFLAGS_value=
ac_cv_env_CPPFLAGS_set=
ac_cv_env_CPPFLAGS_value=
ac_cv_env_CPP_set=
ac_cv_env_CPP_value=
ac_cv_env_LDFLAGS_set=
ac_cv_env_LDFLAGS_value=
ac_cv_env_LIBS_set=
ac_cv_env_LIBS_value=
ac_cv_env_LT_SYS_LIBRARY_PATH_set=
ac_cv_env_LT_SYS_LIBRARY_PATH_value=
ac_cv_env_build_alias_set=
ac_cv_env_build_alias_value=
ac_cv_env_host_alias_set=
ac_cv_env_host_alias_value=
ac_cv_env_target_alias_set=
ac_cv_env_target_alias_value=
ac_cv_header_dlfcn_h=yes
ac_cv_header_inttypes_h=yes
ac_cv_header_memory_h=yes
ac_cv_header_minix_config_h=no
ac_cv_header_stdc=yes
ac_cv_header_stdint_h=yes
ac_cv_header_stdlib_h=yes
ac_cv_header_string_h=yes
ac_cv_header_strings_h=yes
ac_cv_header_sys_stat_h=yes
ac_cv_header_sys_types_h=yes
ac_cv_header_unistd_h=yes
ac_cv_host=x86_64-apple-darwin17.2.0
ac_cv_objext=o
ac_cv_path_EGREP='/usr/bin/grep -E'
ac_cv_path_FGREP='/usr/bin/grep -F'
ac_cv_path_GREP=/usr/bin/grep
ac_cv_path_SED=/usr/bin/sed
ac_cv_path_install='/usr/bin/install -c'
ac_cv_path_lt_DD=/bin/dd
ac_cv_prog_AWK=awk
ac_cv_prog_CPP='gcc -E'
ac_cv_prog_HAVE_DOT=no
ac_cv_prog_HAVE_DOXYGEN=no
ac_cv_prog_ac_ct_AR=ar
ac_cv_prog_ac_ct_CC=gcc
ac_cv_prog_ac_ct_DSYMUTIL=dsymutil
ac_cv_prog_ac_ct_LIPO=lipo
ac_cv_prog_ac_ct_NMEDIT=nmedit
ac_cv_prog_ac_ct_OBJDUMP=objdump
ac_cv_prog_ac_ct_OTOOL=otool
ac_cv_prog_ac_ct_RANLIB=ranlib
ac_cv_prog_ac_ct_STRIP=strip
ac_cv_prog_cc_c89=
ac_cv_prog_cc_g=yes
ac_cv_prog_make_make_set=yes
ac_cv_safe_to_define___extensions__=yes
ac_cv_sys_file_offset_bits=no
ac_cv_sys_largefile_CC=no
am_cv_CC_dependencies_compiler_type=gcc3
am_cv_make_support_nested_variables=yes
am_cv_prog_cc_c_o=yes
cc_cv_attribute_visibility_default=yes
cc_cv_cflags__Wall=yes
cc_cv_cflags__Werror=yes
cc_cv_cflags__Wextra=yes
cc_cv_cflags__Wno_long_long=yes
cc_cv_cflags__Wno_parentheses=yes
cc_cv_cflags__Wno_sign_compare=yes
cc_cv_cflags__fvisibility_hidden=yes
cc_cv_cflags__pedantic=yes
cc_cv_flag_visibility=yes
cc_cv_werror=-Werror
lt_cv_apple_cc_single_mod=yes
lt_cv_ar_at_file=no
lt_cv_deplibs_check_method=pass_all
lt_cv_file_magic_cmd='$MAGIC_CMD'
lt_cv_file_magic_test_file=
lt_cv_ld_exported_symbols_list=yes
lt_cv_ld_force_load=yes
lt_cv_ld_reload_flag=-r
lt_cv_nm_interface='BSD nm'
lt_cv_objdir=.libs
lt_cv_path_LD=/Library/Developer/CommandLineTools/usr/bin/ld
lt_cv_path_NM='/usr/bin/nm -B'
lt_cv_path_mainfest_tool=no
lt_cv_prog_compiler_c_o=yes
lt_cv_prog_compiler_pic='-fno-common -DPIC'
lt_cv_prog_compiler_pic_works=yes
lt_cv_prog_compiler_rtti_exceptions=yes
lt_cv_prog_compiler_static_works=no
lt_cv_prog_gnu_ld=no
lt_cv_sharedlib_from_linklib_cmd='printf %s\n'
lt_cv_sys_global_symbol_pipe='sed -n -e '\''s/^.*[	 ]\([BCDEGRST][BCDEGRST]*\)[	 ][	 ]*_\([_A-Za-z][_A-Za-z0-9]*\)$/\1 _\2 \2/p'\'' | sed '\''/ __gnu_lto/d'\'''
lt_cv_sys_global_symbol_to_c_name_address='sed -n -e '\''s/^: \(.*\) .*$/  {"\1", (void *) 0},/p'\'' -e '\''s/^[BCDEGRST][BCDEGRST]* .* \(.*\)$/  {"\1", (void *) \&\1},/p'\'''
lt_cv_sys_global_symbol_to_c_name_address_lib_prefix='sed -n -e '\''s/^: \(.*\) .*$/  {"\1", (void *) 0},/p'\'' -e '\''s/^[BCDEGRST][BCDEGRST]* .* \(lib.*\)$/  {"\1", (void *) \&\1},/p'\'' -e '\''s/^[BCDEGRST][BCDEGRST]* .* \(.*\)$/  {"lib\1", (void *) \&\1},/p'\'''
lt_cv_sys_global_symbol_to_cdecl='sed -n -e '\''s/^T .* \(.*\)$/extern int \1();/p'\'' -e '\''s/^[BCDEGRST][BCDEGRST]* .* \(.*\)$/extern char \1;/p'\'''
lt_cv_sys_global_symbol_to_import=
lt_cv_sys_max_cmd_len=196608
lt_cv_to_host_file_cmd=func_convert_file_noop
lt_cv_to_tool_file_cmd=func_convert_file_noop
lt_cv_truncate_bin='/bin/dd bs=4096 count=1'

## ----------------- ##
## Output variables. ##
## ----------------- ##

ACLOCAL='${SHELL} /Users/Clayton/Documents/Research/audio_denoising/AudioEMD/denoising-algs/rnnoise/missing aclocal-1.15'
AMDEPBACKSLASH='\'
AMDEP_FALSE='#'
AMDEP_TRUE=''
AMTAR='$${TAR-tar}'
AM_BACKSLASH='\'
AM_DEFAULT_V='$(AM_DEFAULT_VERBOSITY)'
AM_DEFAULT_VERBOSITY='0'
AM_V='$(V)'
AR='ar'
AUTOCONF='${SHELL} /Users/Clayton/Documents/Research/audio_denoising/AudioEMD/denoising-algs/rnnoise/missing autoconf'
AUTOHEADER='${SHELL} /Users/Clayton/Documents/Research/audio_denoising/AudioEMD/denoising-algs/rnnoise/missing autoheader'
AUTOMAKE='${SHELL} /Users/Clayton/Documents/Research/audio_denoising/AudioEMD/denoising-algs/rnnoise/missing automake-1.15'
AWK='awk'
CC='gcc'
CCDEPMODE='depmode=gcc3'
CFLAGS='-g -O2 -pedantic -Wall -Wextra -Wno-sign-compare -Wno-parentheses -Wno-long-long -fvisibility=hidden'
CPP='gcc -E'
CPPFLAGS=''
CYGPATH_W='echo'
DEFS='-DHAVE_CONFIG_H'
DEPDIR='.deps'
DLLTOOL='false'
DSYMUTIL='dsymutil'
DUMPBIN=''
ECHO_C='\c'
ECHO_N=''
ECHO_T=''
EGREP='/usr/bin/grep -E'
EXEEXT=''
FGREP='/usr/bin/grep -F'
GREP='/usr/bin/grep'
HAVE_DOT='no'
HAVE_DOXYGEN='no'
HAVE_DOXYGEN_FALSE=''
HAVE_DOXYGEN_TRUE='#'
INSTALL_DATA='${INSTALL} -m 644'
INSTALL_PROGRAM='${INSTALL}'
INSTALL_SCRIPT='${INSTALL}'
INSTALL_STRIP_PROGRAM='$(install_sh) -c -s'
LD='/Library/Developer/CommandLineTools/usr/bin/ld'
LDFLAGS=''
LIBM=''
LIBOBJS=''
LIBS=''
LIBTOOL='$(SHELL) $(top_builddir)/libtool'
LIPO='lipo'
LN_S='ln -s'
LTLIBOBJS=''
LT_SYS_LIBRARY_PATH=''
MAINT=''
MAINTAINER_MODE_FALSE='#'
MAINTAINER_MODE_TRUE=''
MAKEINFO='${SHELL} /Users/Clayton/Documents/Research/audio_denoising/AudioEMD/denoising-algs/rnnoise/missing makeinfo'
MANIFEST_TOOL=':'
MKDIR_P='./install-sh -c -d'
NM='/usr/bin/nm -B'
NMEDIT='nmedit'
OBJDUMP='objdump'
OBJEXT='o'
OP_ENABLE_EXAMPLES_FALSE='#'
OP_ENABLE_EXAMPLES_TRUE=''
OP_LT_AGE='4'
OP_LT_CURRENT='4'
OP_LT_REVISION='1'
OP_WIN32_FALSE=''
OP_WIN32_TRUE='#'
OTOOL64=':'
OTOOL='otool'
PACKAGE='rnnoise'
PACKAGE_BUGREPORT='jmvalin@jmvalin.ca'
PACKAGE_NAME='rnnoise'
PACKAGE_STRING='rnnoise unknown'
PACKAGE_TARNAME='rnnoise'
PACKAGE_URL=''
PACKAGE_VERSION='unknown'
PATH_SEPARATOR=':'
RANLIB='ranlib'
SED='/usr/bin/sed'
SET_MAKE=''
SHELL='/bin/sh'
STRIP='strip'
VERSION='unknown'
ac_ct_AR='ar'
ac_ct_CC='gcc'
ac_ct_DUMPBIN=''
am__EXEEXT_FALSE=''
am__EXEEXT_TRUE='#'
am__fastdepCC_FALSE='#'
am__fastdepCC_TRUE=''
am__include='include'
am__isrc=''
am__leading_dot='.'
am__nodep='_no'
am__quote=''
am__tar='$${TAR-tar} chof - "$$tardir"'
am__untar='$${TAR-tar} xf -'
bindir='${exec_prefix}/bin'
build='x86_64-apple-darwin17.2.0'
build_alias=''
build_cpu='x86_64'
build_os='darwin17.2.0'
build_vendor='apple'
datadir='${datarootdir}'
datarootdir='${prefix}/share'
docdir='${datarootdir}/doc/${PACKAGE_TARNAME}'
dvidir='${docdir}'
exec_prefix='${prefix}'
host='x86_64-apple-darwin17.2.0'
host_alias=''
host_cpu='x86_64'
host_os='darwin17.2.0'
host_vendor='apple'
htmldir='${docdir}'
includedir='${prefix}/include'
infodir='${datarootdir}/info'
install_sh='${SHELL} /Users/Clayton/Documents/Research/audio_denoising/AudioEMD/denoising-algs/rnnoise/install-sh'
libdir='${exec_prefix}/lib'
libexecdir='${exec_prefix}/libexec'
localedir='${datarootdir}/locale'
localstatedir='${prefix}/var'
lrintf_lib=''
mandir='${datarootdir}/man'
mkdir_p='$(MKDIR_P)'
oldincludedir='/usr/include'
pdfdir='${docdir}'
prefix='/usr/local'
program_transform_name='s,x,x,'
psdir='${docdir}'
sbindir='${exec_prefix}/sbin'
sharedstatedir='${prefix}/com'
sysconfdir='${prefix}/etc'
target_alias=''

## ----------- ##
## confdefs.h. ##
## ----------- ##

/* confdefs.h */
#define PACKAGE_NAME "rnnoise"
#define PACKAGE_TARNAME "rnnoise"
#define PACKAGE_VERSION "unknown"
#define PACKAGE_STRING "rnnoise unknown"
#define PACKAGE_BUGREPORT "jmvalin@jmvalin.ca"
#define PACKAGE_URL ""
#define STDC_HEADERS 1
#define HAVE_SYS_TYPES_H 1
#define HAVE_SYS_STAT_H 1
#define HAVE_STDLIB_H 1
#define HAVE_STRING_H 1
#define HAVE_MEMORY_H 1
#define HAVE_STRINGS_H 1
#define HAVE_INTTYPES_H 1
#define HAVE_STDINT_H 1
#define HAVE_UNISTD_H 1
#define __EXTENSIONS__ 1
#define _ALL_SOURCE 1
#define _GNU_SOURCE 1
#define _POSIX_PTHREAD_SEMANTICS 1
#define _TANDEM_SOURCE 1
#define HAVE_DLFCN_H 1
#define LT_OBJDIR ".libs/"
#define RNNOISE_BUILD /**/
#define SUPPORT_ATTRIBUTE_VISIBILITY_DEFAULT 1
#define SUPPORT_FLAG_VISIBILITY 1

configure: exit 0
